<?xml version="1.0" encoding="UTF-8"?>
<!-- Generated by org.testng.reporters.JUnitReportReporter -->
<testsuite hostname="LAPTOP-QCJPB119" failures="0" tests="1" name="bikes.Yamaha" time="5.864" errors="0" timestamp="2024-10-23T21:10:16 IST" skipped="0">
  <testcase classname="bikes.Yamaha" name="launch" time="5.864">
    <system-out>
      <![CDATA[yamaha launched sucessfully,]]>
    </system-out>
  </testcase> <!-- launch -->
  <system-out>
    <![CDATA[yamaha launched sucessfully,
Ninja launched successfully]]>
  </system-out>
</testsuite> <!-- bikes.Yamaha -->
