<?xml version="1.0" encoding="UTF-8"?>
<!-- Generated by org.testng.reporters.JUnitReportReporter -->
<testsuite hostname="LAPTOP-QCJPB119" failures="0" tests="3" name="testng.TestScript" time="10.079" errors="0" timestamp="2024-10-28T09:42:08 IST" skipped="0">
  <testcase classname="testng.TestScript" name="clickOnBooks" time="3.616">
    <system-out>
      <![CDATA[Books page is displayed]]>
    </system-out>
  </testcase> <!-- clickOnBooks -->
  <testcase classname="testng.TestScript" name="clickOnBooks" time="3.276">
    <system-out>
      <![CDATA[Books page is displayed]]>
    </system-out>
  </testcase> <!-- clickOnBooks -->
  <testcase classname="testng.TestScript" name="clickOnBooks" time="3.187">
    <system-out>
      <![CDATA[Books page is displayed]]>
    </system-out>
  </testcase> <!-- clickOnBooks -->
  <system-out>
    <![CDATA[Books page is displayed
Books page is displayed
Books page is displayed]]>
  </system-out>
</testsuite> <!-- testng.TestScript -->
