<?xml version="1.0" encoding="UTF-8"?>
<!-- Generated by org.testng.reporters.JUnitReportReporter -->
<testsuite hostname="LAPTOP-QCJPB119" failures="0" tests="1" name="crossBrowserTesting.ToLearnCrossBrowserTesting" time="4.839" errors="0" timestamp="2024-10-28T09:26:19 IST" skipped="0">
  <testcase classname="crossBrowserTesting.ToLearnCrossBrowserTesting" name="launch" time="4.839"/>
</testsuite> <!-- crossBrowserTesting.ToLearnCrossBrowserTesting -->
