<?xml version="1.0" encoding="UTF-8"?>
<!-- Generated by org.testng.reporters.JUnitReportReporter -->
<testsuite hostname="LAPTOP-QCJPB119" failures="0" tests="5" name="testng.Sample" time="19.031" errors="0" timestamp="2024-10-19T09:37:26 IST" skipped="1">
  <testcase classname="testng.Sample" name="login" time="4.168">
    <system-out>
      <![CDATA[login successfull]]>
    </system-out>
  </testcase> <!-- login -->
  <testcase classname="testng.Sample" name="login" time="4.117">
    <system-out>
      <![CDATA[login successfull]]>
    </system-out>
  </testcase> <!-- login -->
  <testcase classname="testng.Sample" name="login" time="5.166">
    <system-out>
      <![CDATA[login successfull]]>
    </system-out>
  </testcase> <!-- login -->
  <testcase classname="testng.Sample" name="login" time="5.580">
    <system-out>
      <![CDATA[login successfull]]>
    </system-out>
  </testcase> <!-- login -->
  <testcase classname="testng.Sample" name="register">
    <skipped/>
  </testcase> <!-- register -->
  <system-out>
    <![CDATA[login successfull
login successfull
login successfull
login successfull]]>
  </system-out>
</testsuite> <!-- testng.Sample -->
