<?xml version="1.0" encoding="UTF-8"?>
<!-- Generated by org.testng.reporters.JUnitReportReporter -->
<testsuite hostname="LAPTOP-QCJPB119" failures="0" tests="1" name="cars.Ferrari" time="27.293" errors="0" timestamp="2024-10-22T09:44:56 IST" skipped="0">
  <testcase classname="cars.Ferrari" name="launch" time="27.293">
    <system-out>
      <![CDATA[Ferrari launched successsfully]]>
    </system-out>
  </testcase> <!-- launch -->
  <system-out>
    <![CDATA[BMW launched successfully
rolls Royals is succesfully launched
jaguar launched successfully
Ferrari launched successsfully]]>
  </system-out>
</testsuite> <!-- cars.Ferrari -->
