<?xml version="1.0" encoding="UTF-8"?>
<!-- Generated by org.testng.reporters.JUnitReportReporter -->
<testsuite hostname="LAPTOP-QCJPB119" failures="0" tests="5" name="Assignments.Assignment27" time="30.109" errors="0" timestamp="2024-10-27T19:27:16 IST" skipped="0">
  <testcase classname="Assignments.Assignment27" name="register" time="6.244"/>
  <testcase classname="Assignments.Assignment27" name="register" time="5.394"/>
  <testcase classname="Assignments.Assignment27" name="register" time="4.650"/>
  <testcase classname="Assignments.Assignment27" name="register" time="6.991"/>
  <testcase classname="Assignments.Assignment27" name="register" time="6.830"/>
</testsuite> <!-- Assignments.Assignment27 -->
