<?xml version="1.0" encoding="UTF-8"?>
<!-- Generated by org.testng.reporters.JUnitReportReporter -->
<testsuite hostname="LAPTOP-QCJPB119" failures="0" tests="1" name="cars.RolesRoyals" time="12.028" errors="0" timestamp="2024-10-23T08:38:54 IST" skipped="0">
  <testcase classname="cars.RolesRoyals" name="launch" time="12.028">
    <system-out>
      <![CDATA[rolls Royals is succesfully launched]]>
    </system-out>
  </testcase> <!-- launch -->
  <system-out>
    <![CDATA[jaguar launched successfully
BMW launched successfully
rolls Royals is succesfully launched]]>
  </system-out>
</testsuite> <!-- cars.RolesRoyals -->
