<?xml version="1.0" encoding="UTF-8"?>
<!-- Generated by org.testng.reporters.JUnitReportReporter -->
<testsuite hostname="LAPTOP-QCJPB119" failures="0" tests="1" name="bikes.Ninja" time="6.382" errors="0" timestamp="2024-10-23T21:10:16 IST" skipped="0">
  <testcase classname="bikes.Ninja" name="launch" time="6.382">
    <system-out>
      <![CDATA[Ninja launched successfully]]>
    </system-out>
  </testcase> <!-- launch -->
  <system-out>
    <![CDATA[yamaha launched sucessfully,
Ninja launched successfully]]>
  </system-out>
</testsuite> <!-- bikes.Ninja -->
