<?xml version="1.0" encoding="UTF-8"?>
<!-- Generated by org.testng.reporters.JUnitReportReporter -->
<testsuite hostname="LAPTOP-QCJPB119" failures="0" tests="1" name="cars.BMW" time="3.623" errors="0" timestamp="2024-11-05T06:41:02 IST" skipped="0">
  <testcase classname="cars.BMW" name="launch" time="3.623">
    <system-out>
      <![CDATA[BMW launched successfully]]>
    </system-out>
  </testcase> <!-- launch -->
  <system-out>
    <![CDATA[BMW launched successfully]]>
  </system-out>
</testsuite> <!-- cars.BMW -->
