<?xml version="1.0" encoding="UTF-8"?>
<!-- Generated by org.testng.reporters.JUnitReportReporter -->
<testsuite hostname="LAPTOP-QCJPB119" failures="0" tests="1" name="Assignments.Assignment26" time="116.230" errors="0" timestamp="2024-10-26T09:51:04 IST" skipped="0">
  <testcase classname="Assignments.Assignment26" name="login" time="116.230">
    <system-out>
      <![CDATA[Home page is displayed
Login to your account
Account Deleted!]]>
    </system-out>
  </testcase> <!-- login -->
  <system-out>
    <![CDATA[Home page is displayed
Login to your account
Account Deleted!]]>
  </system-out>
</testsuite> <!-- Assignments.Assignment26 -->
