<?xml version="1.0" encoding="UTF-8"?>
<!-- Generated by org.testng.reporters.JUnitReportReporter -->
<testsuite hostname="LAPTOP-QCJPB119" failures="0" tests="1" name="cars.Jaguar" time="11.581" errors="0" timestamp="2024-10-23T08:39:57 IST" skipped="0">
  <testcase classname="cars.Jaguar" name="launch" time="11.581">
    <system-out>
      <![CDATA[jaguar launched successfully]]>
    </system-out>
  </testcase> <!-- launch -->
  <system-out>
    <![CDATA[BMW launched successfully
jaguar launched successfully]]>
  </system-out>
</testsuite> <!-- cars.Jaguar -->
