<?xml version="1.0" encoding="UTF-8"?>
<!-- Generated by org.testng.reporters.JUnitReportReporter -->
<testsuite hostname="LAPTOP-QCJPB119" failures="0" tests="1" name="bikes.RoyalEnfield" time="5.044" errors="0" timestamp="2024-10-23T21:06:58 IST" skipped="0">
  <testcase classname="bikes.RoyalEnfield" name="launch" time="5.044">
    <system-out>
      <![CDATA[RoyalEnfield launch successfully]]>
    </system-out>
  </testcase> <!-- launch -->
  <system-out>
    <![CDATA[KTM launched successfully
Ninja launched successfully
RoyalEnfield launch successfully
yamaha launched sucessfully,]]>
  </system-out>
</testsuite> <!-- bikes.RoyalEnfield -->
