<?xml version="1.0" encoding="UTF-8"?>
<!-- Generated by org.testng.reporters.JUnitReportReporter -->
<testsuite hostname="LAPTOP-QCJPB119" failures="0" tests="1" name="testng.ConfigurationAnnotation" time="0.006" errors="0" timestamp="2024-10-24T08:51:37 IST" skipped="0">
  <testcase classname="testng.ConfigurationAnnotation" name="demo" time="0.006">
    <system-out>
      <![CDATA[@test(demo)excecuted]]>
    </system-out>
  </testcase> <!-- demo -->
  <system-out>
    <![CDATA[@BeforeSuite
@BeforeTest
@BeforeClass
@BeforeMethod
@test(demo)excecuted
@AfterMethod
@AfterClass
@AfterTest
@After Suite]]>
  </system-out>
</testsuite> <!-- testng.ConfigurationAnnotation -->
