<?xml version="1.0" encoding="UTF-8"?>
<!-- Generated by org.testng.reporters.JUnitReportReporter -->
<testsuite hostname="LAPTOP-QCJPB119" failures="0" tests="4" name="dataprovider.ToLearnDataProvider" time="16.798" errors="0" timestamp="2024-10-26T09:38:51 IST" skipped="0">
  <testcase classname="dataprovider.ToLearnDataProvider" name="login" time="3.037"/>
  <testcase classname="dataprovider.ToLearnDataProvider" name="login" time="4.511"/>
  <testcase classname="dataprovider.ToLearnDataProvider" name="login" time="4.272"/>
  <testcase classname="dataprovider.ToLearnDataProvider" name="login" time="4.978"/>
</testsuite> <!-- dataprovider.ToLearnDataProvider -->
