<?xml version="1.0" encoding="UTF-8"?>
<!-- Generated by org.testng.reporters.JUnitReportReporter -->
<testsuite hostname="LAPTOP-QCJPB119" failures="0" tests="3" name="baseClasses.TestScript" time="7.220" errors="0" timestamp="2024-10-28T22:54:30 IST" skipped="0">
  <testcase classname="baseClasses.TestScript" name="sales" time="2.177">
    <system-out>
      <![CDATA[the user is able to click successfully]]>
    </system-out>
  </testcase> <!-- sales -->
  <testcase classname="baseClasses.TestScript" name="sales" time="2.322">
    <system-out>
      <![CDATA[the user is able to click successfully]]>
    </system-out>
  </testcase> <!-- sales -->
  <testcase classname="baseClasses.TestScript" name="sales" time="2.721">
    <system-out>
      <![CDATA[the user is able to click successfully]]>
    </system-out>
  </testcase> <!-- sales -->
  <system-out>
    <![CDATA[the user is able to click successfully
the user is able to click successfully
the user is able to click successfully]]>
  </system-out>
</testsuite> <!-- baseClasses.TestScript -->
