<?xml version="1.0" encoding="UTF-8"?>
<!-- Generated by org.testng.reporters.JUnitReportReporter -->
<testsuite hostname="LAPTOP-QCJPB119" failures="0" tests="1" name="testng.ToLearnTestNG" time="0.010" errors="0" timestamp="2024-10-18T09:48:36 IST" skipped="0">
  <testcase classname="testng.ToLearnTestNG" name="demo" time="0.010">
    <system-out>
      <![CDATA[Welcome To Advance Selenium]]>
    </system-out>
  </testcase> <!-- demo -->
  <system-out>
    <![CDATA[Welcome To Advance Selenium]]>
  </system-out>
</testsuite> <!-- testng.ToLearnTestNG -->
