<?xml version="1.0" encoding="UTF-8"?>
<!-- Generated by org.testng.reporters.JUnitReportReporter -->
<testsuite hostname="LAPTOP-QCJPB119" failures="0" tests="3" name="testng.DependsOnMethods" time="9.684" errors="0" timestamp="2024-10-19T10:02:30 IST" skipped="0">
  <testcase classname="testng.DependsOnMethods" name="addToCart" time="3.129">
    <system-out>
      <![CDATA[Product added to cart]]>
    </system-out>
  </testcase> <!-- addToCart -->
  <testcase classname="testng.DependsOnMethods" name="register" time="3.519">
    <system-out>
      <![CDATA[register is successfull]]>
    </system-out>
  </testcase> <!-- register -->
  <testcase classname="testng.DependsOnMethods" name="login" time="3.036">
    <system-out>
      <![CDATA[login successfull]]>
    </system-out>
  </testcase> <!-- login -->
  <system-out>
    <![CDATA[register is successfull
login successfull
Product added to cart]]>
  </system-out>
</testsuite> <!-- testng.DependsOnMethods -->
