<?xml version="1.0" encoding="UTF-8"?>
<!-- Generated by org.testng.reporters.JUnitReportReporter -->
<testsuite hostname="LAPTOP-QCJPB119" failures="0" tests="1" name="assertions.HardAssert" time="7.459" errors="0" timestamp="2024-10-25T09:26:51 IST" skipped="0">
  <testcase classname="assertions.HardAssert" name="login" time="7.459">
    <system-out>
      <![CDATA[Welcome page is displayed
Login page is displayed
Home page is displayed]]>
    </system-out>
  </testcase> <!-- login -->
  <system-out>
    <![CDATA[Welcome page is displayed
Login page is displayed
Home page is displayed]]>
  </system-out>
</testsuite> <!-- assertions.HardAssert -->
